<?xml version="1.0" encoding="UTF-8"?>
<testsuite name="com.newportcapital.sia_erp.SiaErpApplicationTests" tests="1" skipped="0" failures="0" errors="0" timestamp="2025-10-15T20:59:51.026Z" hostname="gdd-systemproductname" time="0.4">
  <properties/>
  <testcase name="contextLoads()" classname="com.newportcapital.sia_erp.SiaErpApplicationTests" time="0.4"/>
  <system-out><![CDATA[15:59:47.527 [Test worker] INFO org.springframework.test.context.support.AnnotationConfigContextLoaderUtils -- Could not detect default configuration classes for test class [com.newportcapital.sia_erp.SiaErpApplicationTests]: SiaErpApplicationTests does not declare any static, non-private, non-final, nested classes annotated with @Configuration.
15:59:47.603 [Test worker] INFO org.springframework.boot.test.context.SpringBootTestContextBootstrapper -- Found @SpringBootConfiguration com.newportcapital.sia_erp.SiaErpApplication for test class com.newportcapital.sia_erp.SiaErpApplicationTests

  .   ____          _            __ _ _
 /\\ / ___'_ __ _ _(_)_ __  __ _ \ \ \ \
( ( )\___ | '_ | '_| | '_ \/ _` | \ \ \ \
 \\/  ___)| |_)| | | | | || (_| |  ) ) ) )
  '  |____| .__|_| |_|_| |_\__, | / / / /
 =========|_|==============|___/=/_/_/_/

 :: Spring Boot ::                (v3.5.6)

2025-10-15T15:59:47.909-05:00  INFO 196934 --- [    Test worker] c.n.sia_erp.SiaErpApplicationTests       : Starting SiaErpApplicationTests using Java 21.0.8 with PID 196934 (started by root in /home/gdd/Documents/sia-erp)
2025-10-15T15:59:47.910-05:00  INFO 196934 --- [    Test worker] c.n.sia_erp.SiaErpApplicationTests       : No active profile set, falling back to 1 default profile: "default"
2025-10-15T15:59:48.456-05:00  INFO 196934 --- [    Test worker] .s.d.r.c.RepositoryConfigurationDelegate : Bootstrapping Spring Data JPA repositories in DEFAULT mode.
2025-10-15T15:59:48.497-05:00  INFO 196934 --- [    Test worker] .s.d.r.c.RepositoryConfigurationDelegate : Finished Spring Data repository scanning in 35 ms. Found 1 JPA repository interface.
2025-10-15T15:59:48.769-05:00 DEBUG 196934 --- [    Test worker] com.zaxxer.hikari.HikariConfig           : Class com.microsoft.sqlserver.jdbc.SQLServerDriver found in Thread context class loader jdk.internal.loader.ClassLoaders$AppClassLoader@639fee48
2025-10-15T15:59:48.868-05:00  INFO 196934 --- [    Test worker] o.hibernate.jpa.internal.util.LogHelper  : HHH000204: Processing PersistenceUnitInfo [name: default]
2025-10-15T15:59:48.897-05:00  INFO 196934 --- [    Test worker] org.hibernate.Version                    : HHH000412: Hibernate ORM core version 6.6.29.Final
2025-10-15T15:59:48.918-05:00  INFO 196934 --- [    Test worker] o.h.c.internal.RegionFactoryInitiator    : HHH000026: Second-level cache disabled
2025-10-15T15:59:49.088-05:00  INFO 196934 --- [    Test worker] o.s.o.j.p.SpringPersistenceUnitInfo      : No LoadTimeWeaver setup: ignoring JPA class transformer
2025-10-15T15:59:49.107-05:00 DEBUG 196934 --- [    Test worker] com.zaxxer.hikari.HikariConfig           : HikariPool-1 - configuration:
2025-10-15T15:59:49.110-05:00 DEBUG 196934 --- [    Test worker] com.zaxxer.hikari.HikariConfig           : allowPoolSuspension.............false
2025-10-15T15:59:49.110-05:00 DEBUG 196934 --- [    Test worker] com.zaxxer.hikari.HikariConfig           : autoCommit......................true
2025-10-15T15:59:49.110-05:00 DEBUG 196934 --- [    Test worker] com.zaxxer.hikari.HikariConfig           : catalog.........................none
2025-10-15T15:59:49.110-05:00 DEBUG 196934 --- [    Test worker] com.zaxxer.hikari.HikariConfig           : connectionInitSql...............none
2025-10-15T15:59:49.110-05:00 DEBUG 196934 --- [    Test worker] com.zaxxer.hikari.HikariConfig           : connectionTestQuery.............none
2025-10-15T15:59:49.111-05:00 DEBUG 196934 --- [    Test worker] com.zaxxer.hikari.HikariConfig           : connectionTimeout...............30000
2025-10-15T15:59:49.111-05:00 DEBUG 196934 --- [    Test worker] com.zaxxer.hikari.HikariConfig           : credentials.....................com.zaxxer.hikari.util.Credentials@4ad8d36f
2025-10-15T15:59:49.112-05:00 DEBUG 196934 --- [    Test worker] com.zaxxer.hikari.HikariConfig           : dataSource......................none
2025-10-15T15:59:49.112-05:00 DEBUG 196934 --- [    Test worker] com.zaxxer.hikari.HikariConfig           : dataSourceClassName.............none
2025-10-15T15:59:49.112-05:00 DEBUG 196934 --- [    Test worker] com.zaxxer.hikari.HikariConfig           : dataSourceJNDI..................none
2025-10-15T15:59:49.113-05:00 DEBUG 196934 --- [    Test worker] com.zaxxer.hikari.HikariConfig           : dataSourceProperties............{password=<masked>}
2025-10-15T15:59:49.113-05:00 DEBUG 196934 --- [    Test worker] com.zaxxer.hikari.HikariConfig           : driverClassName................."com.microsoft.sqlserver.jdbc.SQLServerDriver"
2025-10-15T15:59:49.113-05:00 DEBUG 196934 --- [    Test worker] com.zaxxer.hikari.HikariConfig           : exceptionOverride...............none
2025-10-15T15:59:49.113-05:00 DEBUG 196934 --- [    Test worker] com.zaxxer.hikari.HikariConfig           : exceptionOverrideClassName......none
2025-10-15T15:59:49.114-05:00 DEBUG 196934 --- [    Test worker] com.zaxxer.hikari.HikariConfig           : healthCheckProperties...........{}
2025-10-15T15:59:49.114-05:00 DEBUG 196934 --- [    Test worker] com.zaxxer.hikari.HikariConfig           : healthCheckRegistry.............none
2025-10-15T15:59:49.114-05:00 DEBUG 196934 --- [    Test worker] com.zaxxer.hikari.HikariConfig           : idleTimeout.....................600000
2025-10-15T15:59:49.114-05:00 DEBUG 196934 --- [    Test worker] com.zaxxer.hikari.HikariConfig           : initializationFailTimeout.......1
2025-10-15T15:59:49.115-05:00 DEBUG 196934 --- [    Test worker] com.zaxxer.hikari.HikariConfig           : isolateInternalQueries..........false
2025-10-15T15:59:49.115-05:00 DEBUG 196934 --- [    Test worker] com.zaxxer.hikari.HikariConfig           : jdbcUrl.........................jdbc:sqlserver://172.16.0.110:1433;databaseName=activos_dev_02;encrypt=true;trustServerCertificate=true
2025-10-15T15:59:49.115-05:00 DEBUG 196934 --- [    Test worker] com.zaxxer.hikari.HikariConfig           : keepaliveTime...................120000
2025-10-15T15:59:49.115-05:00 DEBUG 196934 --- [    Test worker] com.zaxxer.hikari.HikariConfig           : leakDetectionThreshold..........0
2025-10-15T15:59:49.116-05:00 DEBUG 196934 --- [    Test worker] com.zaxxer.hikari.HikariConfig           : maxLifetime.....................1800000
2025-10-15T15:59:49.116-05:00 DEBUG 196934 --- [    Test worker] com.zaxxer.hikari.HikariConfig           : maximumPoolSize.................10
2025-10-15T15:59:49.116-05:00 DEBUG 196934 --- [    Test worker] com.zaxxer.hikari.HikariConfig           : metricRegistry..................none
2025-10-15T15:59:49.116-05:00 DEBUG 196934 --- [    Test worker] com.zaxxer.hikari.HikariConfig           : metricsTrackerFactory...........none
2025-10-15T15:59:49.117-05:00 DEBUG 196934 --- [    Test worker] com.zaxxer.hikari.HikariConfig           : minimumIdle.....................10
2025-10-15T15:59:49.117-05:00 DEBUG 196934 --- [    Test worker] com.zaxxer.hikari.HikariConfig           : password........................<masked>
2025-10-15T15:59:49.117-05:00 DEBUG 196934 --- [    Test worker] com.zaxxer.hikari.HikariConfig           : poolName........................"HikariPool-1"
2025-10-15T15:59:49.117-05:00 DEBUG 196934 --- [    Test worker] com.zaxxer.hikari.HikariConfig           : readOnly........................false
2025-10-15T15:59:49.118-05:00 DEBUG 196934 --- [    Test worker] com.zaxxer.hikari.HikariConfig           : registerMbeans..................false
2025-10-15T15:59:49.118-05:00 DEBUG 196934 --- [    Test worker] com.zaxxer.hikari.HikariConfig           : scheduledExecutor...............none
2025-10-15T15:59:49.118-05:00 DEBUG 196934 --- [    Test worker] com.zaxxer.hikari.HikariConfig           : schema..........................none
2025-10-15T15:59:49.118-05:00 DEBUG 196934 --- [    Test worker] com.zaxxer.hikari.HikariConfig           : threadFactory...................internal
2025-10-15T15:59:49.119-05:00 DEBUG 196934 --- [    Test worker] com.zaxxer.hikari.HikariConfig           : transactionIsolation............default
2025-10-15T15:59:49.119-05:00 DEBUG 196934 --- [    Test worker] com.zaxxer.hikari.HikariConfig           : username........................"adminbinc"
2025-10-15T15:59:49.119-05:00 DEBUG 196934 --- [    Test worker] com.zaxxer.hikari.HikariConfig           : validationTimeout...............5000
2025-10-15T15:59:49.119-05:00  INFO 196934 --- [    Test worker] com.zaxxer.hikari.HikariDataSource       : HikariPool-1 - Starting...
2025-10-15T15:59:49.151-05:00 DEBUG 196934 --- [    Test worker] com.zaxxer.hikari.pool.PoolBase          : HikariPool-1 - Attempting to create/setup new connection (ec40696a-761e-4990-846c-de8973376146)
2025-10-15T15:59:49.376-05:00 DEBUG 196934 --- [    Test worker] com.zaxxer.hikari.pool.PoolBase          : HikariPool-1 - Established new connection (ec40696a-761e-4990-846c-de8973376146)
2025-10-15T15:59:49.377-05:00  INFO 196934 --- [    Test worker] com.zaxxer.hikari.pool.HikariPool        : HikariPool-1 - Added connection ConnectionID:1 ClientConnectionId: 9cd9a180-28ad-4061-9a8d-553edabc054e
2025-10-15T15:59:49.379-05:00  INFO 196934 --- [    Test worker] com.zaxxer.hikari.HikariDataSource       : HikariPool-1 - Start completed.
2025-10-15T15:59:49.432-05:00  INFO 196934 --- [    Test worker] org.hibernate.orm.connections.pooling    : HHH10001005: Database info:
	Database JDBC URL [Connecting through datasource 'HikariDataSource (HikariPool-1)']
	Database driver: undefined/unknown
	Database version: 12.0
	Autocommit mode: undefined/unknown
	Isolation level: undefined/unknown
	Minimum pool size: undefined/unknown
	Maximum pool size: undefined/unknown
2025-10-15T15:59:49.479-05:00 DEBUG 196934 --- [l-1:housekeeper] com.zaxxer.hikari.pool.HikariPool        : HikariPool-1 - Pool stats (total=1/10, idle=1/10, active=0, waiting=0)
2025-10-15T15:59:49.480-05:00 DEBUG 196934 --- [onnection-adder] com.zaxxer.hikari.pool.PoolBase          : HikariPool-1 - Attempting to create/setup new connection (a686cbce-fb33-40d4-80ca-9243c94978f5)
2025-10-15T15:59:49.496-05:00 DEBUG 196934 --- [onnection-adder] com.zaxxer.hikari.pool.PoolBase          : HikariPool-1 - Established new connection (a686cbce-fb33-40d4-80ca-9243c94978f5)
2025-10-15T15:59:49.496-05:00 DEBUG 196934 --- [onnection-adder] com.zaxxer.hikari.pool.HikariPool        : HikariPool-1 - Added connection ConnectionID:2 ClientConnectionId: 1907a4e5-ad2b-44a9-9a79-a617cec85e40
2025-10-15T15:59:49.526-05:00 DEBUG 196934 --- [onnection-adder] com.zaxxer.hikari.pool.HikariPool        : HikariPool-1 - After adding stats (total=2/10, idle=2/10, active=0, waiting=0)
2025-10-15T15:59:49.527-05:00 DEBUG 196934 --- [onnection-adder] com.zaxxer.hikari.pool.PoolBase          : HikariPool-1 - Attempting to create/setup new connection (69116e19-f9c0-440b-b44d-0127702980e9)
2025-10-15T15:59:49.543-05:00 DEBUG 196934 --- [onnection-adder] com.zaxxer.hikari.pool.PoolBase          : HikariPool-1 - Established new connection (69116e19-f9c0-440b-b44d-0127702980e9)
2025-10-15T15:59:49.543-05:00 DEBUG 196934 --- [onnection-adder] com.zaxxer.hikari.pool.HikariPool        : HikariPool-1 - Added connection ConnectionID:3 ClientConnectionId: 7a8178ef-b1f4-424f-abb4-e0e1887c448b
2025-10-15T15:59:49.573-05:00 DEBUG 196934 --- [onnection-adder] com.zaxxer.hikari.pool.HikariPool        : HikariPool-1 - After adding stats (total=3/10, idle=3/10, active=0, waiting=0)
2025-10-15T15:59:49.574-05:00 DEBUG 196934 --- [onnection-adder] com.zaxxer.hikari.pool.PoolBase          : HikariPool-1 - Attempting to create/setup new connection (bab3129a-2196-41e9-8554-d3468e02e2fa)
2025-10-15T15:59:49.588-05:00 DEBUG 196934 --- [onnection-adder] com.zaxxer.hikari.pool.PoolBase          : HikariPool-1 - Established new connection (bab3129a-2196-41e9-8554-d3468e02e2fa)
2025-10-15T15:59:49.588-05:00 DEBUG 196934 --- [onnection-adder] com.zaxxer.hikari.pool.HikariPool        : HikariPool-1 - Added connection ConnectionID:4 ClientConnectionId: 3f958765-b20c-4ca2-bcc8-8d8410e411ab
2025-10-15T15:59:49.618-05:00 DEBUG 196934 --- [onnection-adder] com.zaxxer.hikari.pool.HikariPool        : HikariPool-1 - After adding stats (total=4/10, idle=4/10, active=0, waiting=0)
2025-10-15T15:59:49.619-05:00 DEBUG 196934 --- [onnection-adder] com.zaxxer.hikari.pool.PoolBase          : HikariPool-1 - Attempting to create/setup new connection (d2657d7f-726f-44e8-aa53-6525f450c1df)
2025-10-15T15:59:49.632-05:00 DEBUG 196934 --- [onnection-adder] com.zaxxer.hikari.pool.PoolBase          : HikariPool-1 - Established new connection (d2657d7f-726f-44e8-aa53-6525f450c1df)
2025-10-15T15:59:49.632-05:00 DEBUG 196934 --- [onnection-adder] com.zaxxer.hikari.pool.HikariPool        : HikariPool-1 - Added connection ConnectionID:5 ClientConnectionId: ecf2a29a-aefc-4097-b7fe-a451c0f66dfb
2025-10-15T15:59:49.663-05:00 DEBUG 196934 --- [onnection-adder] com.zaxxer.hikari.pool.HikariPool        : HikariPool-1 - After adding stats (total=5/10, idle=5/10, active=0, waiting=0)
2025-10-15T15:59:49.663-05:00 DEBUG 196934 --- [onnection-adder] com.zaxxer.hikari.pool.PoolBase          : HikariPool-1 - Attempting to create/setup new connection (d865a88e-ca89-4774-9219-e0493a8da7c0)
2025-10-15T15:59:49.683-05:00 DEBUG 196934 --- [onnection-adder] com.zaxxer.hikari.pool.PoolBase          : HikariPool-1 - Established new connection (d865a88e-ca89-4774-9219-e0493a8da7c0)
2025-10-15T15:59:49.683-05:00 DEBUG 196934 --- [onnection-adder] com.zaxxer.hikari.pool.HikariPool        : HikariPool-1 - Added connection ConnectionID:6 ClientConnectionId: 161e75ed-cbb9-4fa2-8215-079dad871165
2025-10-15T15:59:49.713-05:00 DEBUG 196934 --- [onnection-adder] com.zaxxer.hikari.pool.HikariPool        : HikariPool-1 - After adding stats (total=6/10, idle=6/10, active=0, waiting=0)
2025-10-15T15:59:49.714-05:00 DEBUG 196934 --- [onnection-adder] com.zaxxer.hikari.pool.PoolBase          : HikariPool-1 - Attempting to create/setup new connection (75314e2e-8a66-497d-b7b9-4bb4c455ca0f)
2025-10-15T15:59:49.742-05:00 DEBUG 196934 --- [onnection-adder] com.zaxxer.hikari.pool.PoolBase          : HikariPool-1 - Established new connection (75314e2e-8a66-497d-b7b9-4bb4c455ca0f)
2025-10-15T15:59:49.743-05:00 DEBUG 196934 --- [onnection-adder] com.zaxxer.hikari.pool.HikariPool        : HikariPool-1 - Added connection ConnectionID:7 ClientConnectionId: 382f2583-3879-436f-89d4-a19469241bc9
2025-10-15T15:59:49.773-05:00 DEBUG 196934 --- [onnection-adder] com.zaxxer.hikari.pool.HikariPool        : HikariPool-1 - After adding stats (total=7/10, idle=7/10, active=0, waiting=0)
2025-10-15T15:59:49.773-05:00 DEBUG 196934 --- [onnection-adder] com.zaxxer.hikari.pool.PoolBase          : HikariPool-1 - Attempting to create/setup new connection (d70db584-e51d-4c88-a0bb-b2733d924ff2)
2025-10-15T15:59:49.791-05:00 DEBUG 196934 --- [onnection-adder] com.zaxxer.hikari.pool.PoolBase          : HikariPool-1 - Established new connection (d70db584-e51d-4c88-a0bb-b2733d924ff2)
2025-10-15T15:59:49.792-05:00 DEBUG 196934 --- [onnection-adder] com.zaxxer.hikari.pool.HikariPool        : HikariPool-1 - Added connection ConnectionID:8 ClientConnectionId: 509b2e89-ba1c-4d3d-86be-8583107e0265
2025-10-15T15:59:49.822-05:00 DEBUG 196934 --- [onnection-adder] com.zaxxer.hikari.pool.HikariPool        : HikariPool-1 - After adding stats (total=8/10, idle=8/10, active=0, waiting=0)
2025-10-15T15:59:49.822-05:00 DEBUG 196934 --- [onnection-adder] com.zaxxer.hikari.pool.PoolBase          : HikariPool-1 - Attempting to create/setup new connection (5dfbdab7-6a0e-424a-b2a0-ab96ac5cb2ff)
2025-10-15T15:59:49.835-05:00 DEBUG 196934 --- [onnection-adder] com.zaxxer.hikari.pool.PoolBase          : HikariPool-1 - Established new connection (5dfbdab7-6a0e-424a-b2a0-ab96ac5cb2ff)
2025-10-15T15:59:49.836-05:00 DEBUG 196934 --- [onnection-adder] com.zaxxer.hikari.pool.HikariPool        : HikariPool-1 - Added connection ConnectionID:9 ClientConnectionId: f0f87291-a02b-4d12-9d35-244168f5a365
2025-10-15T15:59:49.866-05:00 DEBUG 196934 --- [onnection-adder] com.zaxxer.hikari.pool.HikariPool        : HikariPool-1 - After adding stats (total=9/10, idle=9/10, active=0, waiting=0)
2025-10-15T15:59:49.866-05:00 DEBUG 196934 --- [onnection-adder] com.zaxxer.hikari.pool.PoolBase          : HikariPool-1 - Attempting to create/setup new connection (084cadfb-937f-4ee7-8321-993b18ba2bca)
2025-10-15T15:59:49.879-05:00 DEBUG 196934 --- [onnection-adder] com.zaxxer.hikari.pool.PoolBase          : HikariPool-1 - Established new connection (084cadfb-937f-4ee7-8321-993b18ba2bca)
2025-10-15T15:59:49.879-05:00 DEBUG 196934 --- [onnection-adder] com.zaxxer.hikari.pool.HikariPool        : HikariPool-1 - Added connection ConnectionID:10 ClientConnectionId: 138da142-7edb-4851-82ae-1b2115bd8bf3
2025-10-15T15:59:49.909-05:00 DEBUG 196934 --- [onnection-adder] com.zaxxer.hikari.pool.HikariPool        : HikariPool-1 - After adding stats (total=10/10, idle=10/10, active=0, waiting=0)
2025-10-15T15:59:50.177-05:00  INFO 196934 --- [    Test worker] o.h.e.t.j.p.i.JtaPlatformInitiator       : HHH000489: No JTA platform available (set 'hibernate.transaction.jta.platform' to enable JTA platform integration)
2025-10-15T15:59:50.181-05:00  INFO 196934 --- [    Test worker] j.LocalContainerEntityManagerFactoryBean : Initialized JPA EntityManagerFactory for persistence unit 'default'
2025-10-15T15:59:50.483-05:00  WARN 196934 --- [    Test worker] JpaBaseConfiguration$JpaWebConfiguration : spring.jpa.open-in-view is enabled by default. Therefore, database queries may be performed during view rendering. Explicitly configure spring.jpa.open-in-view to disable this warning
2025-10-15T15:59:50.646-05:00  WARN 196934 --- [    Test worker] .s.s.UserDetailsServiceAutoConfiguration : 

Using generated security password: 93b42a1f-79a7-4f71-b754-d6879dfbb9dd

This generated password is for development use only. Your security configuration must be updated before running your application in production.

2025-10-15T15:59:50.651-05:00  INFO 196934 --- [    Test worker] r$InitializeUserDetailsManagerConfigurer : Global AuthenticationManager configured with UserDetailsService bean with name inMemoryUserDetailsManager
2025-10-15T15:59:50.818-05:00  INFO 196934 --- [    Test worker] o.s.v.b.OptionalValidatorFactoryBean     : Failed to set up a Bean Validation provider: jakarta.validation.NoProviderFoundException: Unable to create a Configuration, because no Jakarta Bean Validation provider could be found. Add a provider like Hibernate Validator (RI) to your classpath.
2025-10-15T15:59:51.001-05:00  INFO 196934 --- [    Test worker] c.n.sia_erp.SiaErpApplicationTests       : Started SiaErpApplicationTests in 3.297 seconds (process running for 4.069)
]]></system-out>
  <system-err><![CDATA[Mockito is currently self-attaching to enable the inline-mock-maker. This will no longer work in future releases of the JDK. Please add Mockito as an agent to your build as described in Mockito's documentation: https://javadoc.io/doc/org.mockito/mockito-core/latest/org.mockito/org/mockito/Mockito.html#0.3
WARNING: A Java agent has been loaded dynamically (/root/.gradle/caches/modules-2/files-2.1/net.bytebuddy/byte-buddy-agent/1.17.7/fbf3d6d649ed37fc9e9c59480a05be0a26e3c2da/byte-buddy-agent-1.17.7.jar)
WARNING: If a serviceability tool is in use, please run with -XX:+EnableDynamicAgentLoading to hide this warning
WARNING: If a serviceability tool is not in use, please run with -Djdk.instrument.traceUsage for more information
WARNING: Dynamic loading of agents will be disallowed by default in a future release
]]></system-err>
</testsuite>
